<?xml version="1.0" encoding="UTF-8"?>
<!-- Generated by org.testng.reporters.JUnitReportReporter -->
<testsuite hostname="LAPTOP-H6POAKCL" failures="0" tests="2" name="com.capstone.AadharAdmin" time="15.683" errors="0" timestamp="2022-10-14T01:36:21 IST" skipped="0">
  <testcase classname="com.capstone.AadharAdmin" name="ChromeBrowser" time="2.323"/>
  <system-out/>
  <testcase classname="com.capstone.AadharAdmin" name="TestHome" time="13.360"/>
  <system-out/>
</testsuite> <!-- com.capstone.AadharAdmin -->
