<?xml version="1.0" encoding="UTF-8"?>
<!-- Generated by org.testng.reporters.JUnitReportReporter -->
<testsuite hostname="LAPTOP-H6POAKCL" failures="0" tests="2" name="com.capstone.AadharCitizen" time="13.337" errors="0" timestamp="2022-10-13T22:14:05 IST" skipped="0">
  <testcase classname="com.capstone.AadharCitizen" name="CitizenCheck" time="10.584"/>
  <system-out/>
  <testcase classname="com.capstone.AadharCitizen" name="ChromeBrowser" time="2.753"/>
  <system-out/>
</testsuite> <!-- com.capstone.AadharCitizen -->
