<?xml version="1.0" encoding="UTF-8"?>
<!-- Generated by org.testng.reporters.JUnitReportReporter -->
<testsuite hostname="LAPTOP-H6POAKCL" failures="0" tests="2" name="com.capstone.AadharRegister" time="10.513" errors="0" timestamp="2022-10-13T22:15:57 IST" skipped="0">
  <testcase classname="com.capstone.AadharRegister" name="TestHome" time="7.861"/>
  <system-out/>
  <testcase classname="com.capstone.AadharRegister" name="ChromeBrowser" time="2.652"/>
  <system-out/>
</testsuite> <!-- com.capstone.AadharRegister -->
